2025-12-21 13:49:07,442 - data_orchestrator - INFO - Logging to file: C:\Users\JeremiahAnkuCoblah\Desktop\Healthcare-Analytics-Lab-OLTP-to-Star-Schema\logs\data_generation_20251221_134907.log
2025-12-21 13:49:07,442 - data_orchestrator - INFO - Starting database population...
2025-12-21 13:49:07,442 - data_orchestrator - INFO - Clearing existing data...
2025-12-21 13:49:08,198 - data_orchestrator - INFO - Cleared table: billing
2025-12-21 13:49:08,926 - data_orchestrator - INFO - Cleared table: encounter_procedures
2025-12-21 13:49:09,696 - data_orchestrator - INFO - Cleared table: encounter_diagnoses
2025-12-21 13:49:12,824 - data_orchestrator - INFO - Cleared table: encounters
2025-12-21 13:49:13,616 - data_orchestrator - INFO - Cleared table: patients
2025-12-21 13:49:13,855 - data_orchestrator - INFO - Cleared table: providers
2025-12-21 13:49:14,025 - data_orchestrator - INFO - Cleared table: procedures
2025-12-21 13:49:14,220 - data_orchestrator - INFO - Cleared table: diagnoses
2025-12-21 13:49:14,420 - data_orchestrator - INFO - Cleared table: departments
2025-12-21 13:49:14,422 - data_orchestrator - INFO - Cleared table: specialties
2025-12-21 13:49:14,455 - data_orchestrator - INFO - All data cleared successfully
2025-12-21 13:49:14,456 - data_orchestrator - INFO - Generating specialties...
2025-12-21 13:49:14,480 - data_orchestrator - INFO - Generated 10 specialties
2025-12-21 13:49:14,480 - data_orchestrator - INFO - Generating departments...
2025-12-21 13:49:14,502 - data_orchestrator - INFO - Generated 6 departments
2025-12-21 13:49:14,502 - data_orchestrator - INFO - Generating providers...
2025-12-21 13:49:14,569 - data_orchestrator - INFO - Generated 150 providers
2025-12-21 13:49:14,569 - data_orchestrator - INFO - Generating patients...
2025-12-21 13:49:17,287 - data_orchestrator - INFO - Generated 10000 patients
2025-12-21 13:49:17,288 - data_orchestrator - INFO - Generating encounters...
2025-12-21 13:49:20,264 - data_orchestrator - INFO - Generated 30000 encounters
2025-12-21 13:49:20,264 - data_orchestrator - INFO - Generating diagnoses...
2025-12-21 13:49:20,287 - data_orchestrator - INFO - Generated 10 diagnoses
2025-12-21 13:49:20,287 - data_orchestrator - INFO - Generating procedures...
2025-12-21 13:49:20,308 - data_orchestrator - INFO - Generated 10 procedures
2025-12-21 13:49:20,308 - data_orchestrator - INFO - Generating encounter diagnoses...
2025-12-21 13:49:21,508 - data_orchestrator - INFO - Generating encounter procedures...
2025-12-21 13:49:23,284 - data_orchestrator - INFO - Generating billing records...
2025-12-21 13:49:24,947 - data_orchestrator - INFO - Database population completed successfully.
